<?xml version="1.0" encoding="UTF-8"?>
<!-- Generated by org.testng.reporters.JUnitXMLReporter -->
<testsuite hostname="CSI-0027" ignored="0" name="Appoinment_iphone" tests="1" failures="0" timestamp="17 Feb 2019 16:51:43 GMT" time="2.54" errors="0">
  <testcase name="@BeforeTest initilizeAllPreRequsites" time="2.514" classname="com.qa.testcases.ScheduleAppointmentsUseCase">
    <failure type="org.openqa.selenium.WebDriverException" message="Your free access to test on real devices has expired. You can upgrade to the Automate Mobile plan to test on real devices. Please reach out to our Sales team at sales@browserstack.com. (WARNING: The server did not provide any stacktrace information)
Command duration or timeout: 1.96 seconds
Build info: version: &amp;apos;3.14.0&amp;apos;, revision: &amp;apos;aacccce0&amp;apos;, time: &amp;apos;2018-08-02T20:19:58.91Z&amp;apos;
System info: host: &amp;apos;CSI-0027&amp;apos;, ip: &amp;apos;fe80:0:0:0:100c:5d8e:d2e7:4e8c%en0&amp;apos;, os.name: &amp;apos;Mac OS X&amp;apos;, os.arch: &amp;apos;x86_64&amp;apos;, os.version: &amp;apos;10.14&amp;apos;, java.version: &amp;apos;1.8.0_131&amp;apos;
Driver info: driver.version: RemoteWebDriver">
      <![CDATA[org.openqa.selenium.WebDriverException: Your free access to test on real devices has expired. You can upgrade to the Automate Mobile plan to test on real devices. Please reach out to our Sales team at sales@browserstack.com. (WARNING: The server did not provide any stacktrace information)
Command duration or timeout: 1.96 seconds
Build info: version: '3.14.0', revision: 'aacccce0', time: '2018-08-02T20:19:58.91Z'
System info: host: 'CSI-0027', ip: 'fe80:0:0:0:100c:5d8e:d2e7:4e8c%en0', os.name: 'Mac OS X', os.arch: 'x86_64', os.version: '10.14', java.version: '1.8.0_131'
Driver info: driver.version: RemoteWebDriver
	at org.openqa.selenium.remote.ErrorHandler.createThrowable(ErrorHandler.java:214)
	at org.openqa.selenium.remote.ErrorHandler.throwIfResponseFailed(ErrorHandler.java:166)
	at org.openqa.selenium.remote.JsonWireProtocolResponse.lambda$new$0(JsonWireProtocolResponse.java:53)
	at org.openqa.selenium.remote.JsonWireProtocolResponse.lambda$getResponseFunction$2(JsonWireProtocolResponse.java:91)
	at org.openqa.selenium.remote.ProtocolHandshake.lambda$createSession$0(ProtocolHandshake.java:122)
	at java.util.stream.ReferencePipeline$3$1.accept(ReferencePipeline.java:193)
	at java.util.Spliterators$ArraySpliterator.tryAdvance(Spliterators.java:958)
	at java.util.stream.ReferencePipeline.forEachWithCancel(ReferencePipeline.java:126)
	at java.util.stream.AbstractPipeline.copyIntoWithCancel(AbstractPipeline.java:498)
	at java.util.stream.AbstractPipeline.copyInto(AbstractPipeline.java:485)
	at java.util.stream.AbstractPipeline.wrapAndCopyInto(AbstractPipeline.java:471)
	at java.util.stream.FindOps$FindOp.evaluateSequential(FindOps.java:152)
	at java.util.stream.AbstractPipeline.evaluate(AbstractPipeline.java:234)
	at java.util.stream.ReferencePipeline.findFirst(ReferencePipeline.java:464)
	at org.openqa.selenium.remote.ProtocolHandshake.createSession(ProtocolHandshake.java:125)
	at org.openqa.selenium.remote.ProtocolHandshake.createSession(ProtocolHandshake.java:73)
	at org.openqa.selenium.remote.HttpCommandExecutor.execute(HttpCommandExecutor.java:136)
	at org.openqa.selenium.remote.RemoteWebDriver.execute(RemoteWebDriver.java:548)
	at org.openqa.selenium.remote.RemoteWebDriver.startSession(RemoteWebDriver.java:212)
	at org.openqa.selenium.remote.RemoteWebDriver.<init>(RemoteWebDriver.java:130)
	at org.openqa.selenium.remote.RemoteWebDriver.<init>(RemoteWebDriver.java:143)
	at com.qa.base.TestBase.getWebdriverOf(TestBase.java:92)
	at com.qa.testcases.ScheduleAppointmentsUseCase.initilizeAllPreRequsites(ScheduleAppointmentsUseCase.java:42)
... Removed 27 stack frames]]>
    </failure>
  </testcase> <!-- @BeforeTest initilizeAllPreRequsites -->
  <testcase name="@BeforeMethod getBrowserSetUp" time="0.0" classname="com.qa.testcases.ScheduleAppointmentsUseCase">
    <skipped/>
  </testcase> <!-- @BeforeMethod getBrowserSetUp -->
  <testcase name="@AfterTest closeBrowser" time="0.0" classname="com.qa.testcases.ScheduleAppointmentsUseCase">
    <skipped/>
  </testcase> <!-- @AfterTest closeBrowser -->
  <testcase name="usernameUITest" time="0.0" classname="com.qa.testcases.ScheduleAppointmentsUseCase">
    <skipped/>
  </testcase> <!-- usernameUITest -->
</testsuite> <!-- Appoinment_iphone -->
